
Compiler Errors:
(please be aware that these errors will prevent OCLint from analyzing this source code)

/usr/include/qt5/QtCore/qglobal.h:1008:4: "You must build your code with position independent code if Qt was built with -reduce-relocations. "         "Compile your code with -fPIC or -fPIE."
/home/p230198/GitHubs/BeerWanter/beerwantermenudialog_test.cpp:6:36: default initialization of an object of const type 'const ribi::BeerWanterMenuDialog' without a user-provided default constructor
/usr/include/c++/5/string:38:10: 'bits/c++config.h' file not found
/usr/include/c++/5/bits/stl_algobase.h:59:10: 'bits/c++config.h' file not found
/usr/include/c++/5/cstddef:44:10: 'bits/c++config.h' file not found
/usr/include/c++/5/utility:68:10: 'bits/c++config.h' file not found

Compiler Warnings:

../RibiClasses/CppMenuDialog/menudialog.h:30:32: unknown warning group '-Wunused-but-set-parameter', ignored
../RibiClasses/CppQtHideAndShowDialog/qthideandshowdialog.h:27:32: unknown warning group '-Wunused-but-set-parameter', ignored
:37:5: 'metaObject' overrides a member function but is not marked 'override'
:37:5: 'qt_metacast' overrides a member function but is not marked 'override'
:37:5: 'qt_metacall' overrides a member function but is not marked 'override'
:424:5: 'metaObject' overrides a member function but is not marked 'override'
:424:5: 'qt_metacast' overrides a member function but is not marked 'override'
:424:5: 'qt_metacall' overrides a member function but is not marked 'override'
/usr/include/qt5/QtCore/qabstractitemmodel.h:430:17: 'index' overrides a member function but is not marked 'override'
/usr/include/qt5/QtCore/qabstractitemmodel.h:431:10: 'dropMimeData' overrides a member function but is not marked 'override'
/usr/include/qt5/QtCore/qabstractitemmodel.h:449:17: 'parent' overrides a member function but is not marked 'override'
/usr/include/qt5/QtCore/qabstractitemmodel.h:450:10: 'hasChildren' overrides a member function but is not marked 'override'
:455:5: 'metaObject' overrides a member function but is not marked 'override'
:455:5: 'qt_metacast' overrides a member function but is not marked 'override'
:455:5: 'qt_metacall' overrides a member function but is not marked 'override'
/usr/include/qt5/QtCore/qabstractitemmodel.h:461:17: 'index' overrides a member function but is not marked 'override'
/usr/include/qt5/QtCore/qabstractitemmodel.h:462:10: 'dropMimeData' overrides a member function but is not marked 'override'
/usr/include/qt5/QtCore/qabstractitemmodel.h:480:17: 'parent' overrides a member function but is not marked 'override'
/usr/include/qt5/QtCore/qabstractitemmodel.h:481:9: 'columnCount' overrides a member function but is not marked 'override'
/usr/include/qt5/QtCore/qabstractitemmodel.h:482:10: 'hasChildren' overrides a member function but is not marked 'override'
:204:5: 'metaObject' overrides a member function but is not marked 'override'
:204:5: 'qt_metacast' overrides a member function but is not marked 'override'
:204:5: 'qt_metacall' overrides a member function but is not marked 'override'
:62:5: 'metaObject' overrides a member function but is not marked 'override'
:62:5: 'qt_metacast' overrides a member function but is not marked 'override'
:62:5: 'qt_metacall' overrides a member function but is not marked 'override'
/usr/include/qt5/QtWidgets/qabstractitemview.h:220:22: 'inputMethodQuery' overrides a member function but is not marked 'override'
/usr/include/qt5/QtWidgets/qabstractitemview.h:324:10: 'focusNextPrevChild' overrides a member function but is not marked 'override'
/usr/include/qt5/QtWidgets/qabstractitemview.h:325:10: 'event' overrides a member function but is not marked 'override'
/usr/include/qt5/QtWidgets/qabstractitemview.h:326:10: 'viewportEvent' overrides a member function but is not marked 'override'
/usr/include/qt5/QtWidgets/qabstractitemview.h:327:10: 'mousePressEvent' overrides a member function but is not marked 'override'
/usr/include/qt5/QtWidgets/qabstractitemview.h:328:10: 'mouseMoveEvent' overrides a member function but is not marked 'override'
/usr/include/qt5/QtWidgets/qabstractitemview.h:329:10: 'mouseReleaseEvent' overrides a member function but is not marked 'override'
/usr/include/qt5/QtWidgets/qabstractitemview.h:330:10: 'mouseDoubleClickEvent' overrides a member function but is not marked 'override'
/usr/include/qt5/QtWidgets/qabstractitemview.h:332:10: 'dragEnterEvent' overrides a member function but is not marked 'override'
/usr/include/qt5/QtWidgets/qabstractitemview.h:333:10: 'dragMoveEvent' overrides a member function but is not marked 'override'
/usr/include/qt5/QtWidgets/qabstractitemview.h:334:10: 'dragLeaveEvent' overrides a member function but is not marked 'override'
/usr/include/qt5/QtWidgets/qabstractitemview.h:335:10: 'dropEvent' overrides a member function but is not marked 'override'
/usr/include/qt5/QtWidgets/qabstractitemview.h:337:10: 'focusInEvent' overrides a member function but is not marked 'override'
/usr/include/qt5/QtWidgets/qabstractitemview.h:338:10: 'focusOutEvent' overrides a member function but is not marked 'override'
/usr/include/qt5/QtWidgets/qabstractitemview.h:339:10: 'keyPressEvent' overrides a member function but is not marked 'override'
/usr/include/qt5/QtWidgets/qabstractitemview.h:340:10: 'resizeEvent' overrides a member function but is not marked 'override'
/usr/include/qt5/QtWidgets/qabstractitemview.h:341:10: 'timerEvent' overrides a member function but is not marked 'override'
/usr/include/qt5/QtWidgets/qabstractitemview.h:342:10: 'inputMethodEvent' overrides a member function but is not marked 'override'
../RibiClasses/CppQtAboutDialog/qtaboutdialog.h:30:32: unknown warning group '-Wunused-but-set-parameter', ignored
:56:5: 'metaObject' overrides a member function but is not marked 'override'
:56:5: 'qt_metacast' overrides a member function but is not marked 'override'
:56:5: 'qt_metacall' overrides a member function but is not marked 'override'
/usr/include/qt5/QtWidgets/qscrollarea.h:71:11: 'sizeHint' overrides a member function but is not marked 'override'
/usr/include/qt5/QtWidgets/qscrollarea.h:73:10: 'focusNextPrevChild' overrides a member function but is not marked 'override'
/usr/include/qt5/QtWidgets/qscrollarea.h:83:10: 'event' overrides a member function but is not marked 'override'
/usr/include/qt5/QtWidgets/qscrollarea.h:84:10: 'eventFilter' overrides a member function but is not marked 'override'
/usr/include/qt5/QtWidgets/qscrollarea.h:85:10: 'resizeEvent' overrides a member function but is not marked 'override'
/usr/include/qt5/QtWidgets/qscrollarea.h:86:10: 'scrollContentsBy' overrides a member function but is not marked 'override'


OCLint Report

Summary: TotalFiles=3 FilesWithViolations=0 P1=0 P2=0 P3=0 


[OCLint (http://oclint.org) v0.10.3]
